This file contains any messages produced by compilers while
running configure, to aid debugging if configure makes a mistake.

It was created by mtcp configure 3, which was
generated by GNU Autoconf 2.69.  Invocation command line was

  $ ./configure --with-dpdk-lib=/home/ld/mtcp/dpdk --no-create --no-recursion

## --------- ##
## Platform. ##
## --------- ##

hostname = 192-168-1-233
uname -m = x86_64
uname -r = 3.10.0-327.36.1.el7.x86_64
uname -s = Linux
uname -v = #1 SMP Sun Sep 18 13:04:29 UTC 2016

/usr/bin/uname -p = x86_64
/bin/uname -X     = unknown

/bin/arch              = x86_64
/usr/bin/arch -k       = unknown
/usr/convex/getsysinfo = unknown
/usr/bin/hostinfo      = unknown
/bin/machine           = unknown
/usr/bin/oslevel       = unknown
/bin/universe          = unknown

PATH: /usr/local/MATLAB/R2015b/bin
PATH: /home/mm/.cabal/bin
PATH: /root/bin
PATH: /usr/local/bin
PATH: /root/.cargo/bin
PATH: /usr/local/sbin
PATH: /usr/local/bin
PATH: /usr/sbin
PATH: /usr/bin
PATH: /root/bin
PATH: /opt/scylladb/bin
PATH: /opt/scylladb/sbin


## ----------- ##
## Core tests. ##
## ----------- ##

configure:2406: checking for gcc
configure:2422: found /usr/bin/gcc
configure:2433: result: gcc
configure:2662: checking for C compiler version
configure:2671: gcc --version >&5
gcc (GCC) 4.8.5 20150623 (Red Hat 4.8.5-11)
Copyright (C) 2015 Free Software Foundation, Inc.
This is free software; see the source for copying conditions.  There is NO
warranty; not even for MERCHANTABILITY or FITNESS FOR A PARTICULAR PURPOSE.

configure:2682: $? = 0
configure:2671: gcc -v >&5
Using built-in specs.
COLLECT_GCC=gcc
COLLECT_LTO_WRAPPER=/usr/libexec/gcc/x86_64-redhat-linux/4.8.5/lto-wrapper
Target: x86_64-redhat-linux
Configured with: ../configure --prefix=/usr --mandir=/usr/share/man --infodir=/usr/share/info --with-bugurl=http://bugzilla.redhat.com/bugzilla --enable-bootstrap --enable-shared --enable-threads=posix --enable-checking=release --with-system-zlib --enable-__cxa_atexit --disable-libunwind-exceptions --enable-gnu-unique-object --enable-linker-build-id --with-linker-hash-style=gnu --enable-languages=c,c++,objc,obj-c++,java,fortran,ada,go,lto --enable-plugin --enable-initfini-array --disable-libgcj --with-isl=/builddir/build/BUILD/gcc-4.8.5-20150702/obj-x86_64-redhat-linux/isl-install --with-cloog=/builddir/build/BUILD/gcc-4.8.5-20150702/obj-x86_64-redhat-linux/cloog-install --enable-gnu-indirect-function --with-tune=generic --with-arch_32=x86-64 --build=x86_64-redhat-linux
Thread model: posix
gcc version 4.8.5 20150623 (Red Hat 4.8.5-11) (GCC) 
configure:2682: $? = 0
configure:2671: gcc -V >&5
gcc: error: unrecognized command line option '-V'
gcc: fatal error: no input files
compilation terminated.
configure:2682: $? = 4
configure:2671: gcc -qversion >&5
gcc: error: unrecognized command line option '-qversion'
gcc: fatal error: no input files
compilation terminated.
configure:2682: $? = 4
configure:2702: checking whether the C compiler works
configure:2724: gcc    conftest.c  >&5
configure:2728: $? = 0
configure:2776: result: yes
configure:2779: checking for C compiler default output file name
configure:2781: result: a.out
configure:2787: checking for suffix of executables
configure:2794: gcc -o conftest    conftest.c  >&5
configure:2798: $? = 0
configure:2820: result: 
configure:2842: checking whether we are cross compiling
configure:2850: gcc -o conftest    conftest.c  >&5
configure:2854: $? = 0
configure:2861: ./conftest
configure:2865: $? = 0
configure:2880: result: no
configure:2885: checking for suffix of object files
configure:2907: gcc -c   conftest.c >&5
configure:2911: $? = 0
configure:2932: result: o
configure:2936: checking whether we are using the GNU C compiler
configure:2955: gcc -c   conftest.c >&5
configure:2955: $? = 0
configure:2964: result: yes
configure:2973: checking whether gcc accepts -g
configure:2993: gcc -c -g  conftest.c >&5
configure:2993: $? = 0
configure:3034: result: yes
configure:3051: checking for gcc option to accept ISO C89
configure:3114: gcc  -c -g -O2  conftest.c >&5
configure:3114: $? = 0
configure:3127: result: none needed
configure:3163: checking how to run the C preprocessor
configure:3194: gcc -E  conftest.c
configure:3194: $? = 0
configure:3208: gcc -E  conftest.c
conftest.c:9:28: fatal error: ac_nonexistent.h: No such file or directory
 #include <ac_nonexistent.h>
                            ^
compilation terminated.
configure:3208: $? = 1
configure: failed program was:
| /* confdefs.h */
| #define PACKAGE_NAME "mtcp"
| #define PACKAGE_TARNAME "mtcp"
| #define PACKAGE_VERSION "3"
| #define PACKAGE_STRING "mtcp 3"
| #define PACKAGE_BUGREPORT "mtcp-user@list.ndsl.kaist.edu"
| #define PACKAGE_URL ""
| /* end confdefs.h.  */
| #include <ac_nonexistent.h>
configure:3233: result: gcc -E
configure:3253: gcc -E  conftest.c
configure:3253: $? = 0
configure:3267: gcc -E  conftest.c
conftest.c:9:28: fatal error: ac_nonexistent.h: No such file or directory
 #include <ac_nonexistent.h>
                            ^
compilation terminated.
configure:3267: $? = 1
configure: failed program was:
| /* confdefs.h */
| #define PACKAGE_NAME "mtcp"
| #define PACKAGE_TARNAME "mtcp"
| #define PACKAGE_VERSION "3"
| #define PACKAGE_STRING "mtcp 3"
| #define PACKAGE_BUGREPORT "mtcp-user@list.ndsl.kaist.edu"
| #define PACKAGE_URL ""
| /* end confdefs.h.  */
| #include <ac_nonexistent.h>
configure:3296: checking for grep that handles long lines and -e
configure:3354: result: /usr/bin/grep
configure:3359: checking for egrep
configure:3421: result: /usr/bin/grep -E
configure:3426: checking for ANSI C header files
configure:3446: gcc -c -g -O2  conftest.c >&5
configure:3446: $? = 0
configure:3519: gcc -o conftest -g -O2   conftest.c  >&5
configure:3519: $? = 0
configure:3519: ./conftest
configure:3519: $? = 0
configure:3530: result: yes
configure:3543: checking for sys/types.h
configure:3543: gcc -c -g -O2  conftest.c >&5
configure:3543: $? = 0
configure:3543: result: yes
configure:3543: checking for sys/stat.h
configure:3543: gcc -c -g -O2  conftest.c >&5
configure:3543: $? = 0
configure:3543: result: yes
configure:3543: checking for stdlib.h
configure:3543: gcc -c -g -O2  conftest.c >&5
configure:3543: $? = 0
configure:3543: result: yes
configure:3543: checking for string.h
configure:3543: gcc -c -g -O2  conftest.c >&5
configure:3543: $? = 0
configure:3543: result: yes
configure:3543: checking for memory.h
configure:3543: gcc -c -g -O2  conftest.c >&5
configure:3543: $? = 0
configure:3543: result: yes
configure:3543: checking for strings.h
configure:3543: gcc -c -g -O2  conftest.c >&5
configure:3543: $? = 0
configure:3543: result: yes
configure:3543: checking for inttypes.h
configure:3543: gcc -c -g -O2  conftest.c >&5
configure:3543: $? = 0
configure:3543: result: yes
configure:3543: checking for stdint.h
configure:3543: gcc -c -g -O2  conftest.c >&5
configure:3543: $? = 0
configure:3543: result: yes
configure:3543: checking for unistd.h
configure:3543: gcc -c -g -O2  conftest.c >&5
configure:3543: $? = 0
configure:3543: result: yes
configure:3558: checking linux/sched.h usability
configure:3558: gcc -c -g -O2  conftest.c >&5
configure:3558: $? = 0
configure:3558: result: yes
configure:3558: checking linux/sched.h presence
configure:3558: gcc -E  conftest.c
configure:3558: $? = 0
configure:3558: result: yes
configure:3558: checking for linux/sched.h
configure:3558: result: yes
configure:3558: checking pthread.h usability
configure:3558: gcc -c -g -O2  conftest.c >&5
configure:3558: $? = 0
configure:3558: result: yes
configure:3558: checking pthread.h presence
configure:3558: gcc -E  conftest.c
configure:3558: $? = 0
configure:3558: result: yes
configure:3558: checking for pthread.h
configure:3558: result: yes
configure:3558: checking numa.h usability
configure:3558: gcc -c -g -O2  conftest.c >&5
configure:3558: $? = 0
configure:3558: result: yes
configure:3558: checking numa.h presence
configure:3558: gcc -E  conftest.c
configure:3558: $? = 0
configure:3558: result: yes
configure:3558: checking for numa.h
configure:3558: result: yes
configure:3558: checking arpa/inet.h usability
configure:3558: gcc -c -g -O2  conftest.c >&5
configure:3558: $? = 0
configure:3558: result: yes
configure:3558: checking arpa/inet.h presence
configure:3558: gcc -E  conftest.c
configure:3558: $? = 0
configure:3558: result: yes
configure:3558: checking for arpa/inet.h
configure:3558: result: yes
configure:3558: checking fcntl.h usability
configure:3558: gcc -c -g -O2  conftest.c >&5
configure:3558: $? = 0
configure:3558: result: yes
configure:3558: checking fcntl.h presence
configure:3558: gcc -E  conftest.c
configure:3558: $? = 0
configure:3558: result: yes
configure:3558: checking for fcntl.h
configure:3558: result: yes
configure:3558: checking limits.h usability
configure:3558: gcc -c -g -O2  conftest.c >&5
configure:3558: $? = 0
configure:3558: result: yes
configure:3558: checking limits.h presence
configure:3558: gcc -E  conftest.c
configure:3558: $? = 0
configure:3558: result: yes
configure:3558: checking for limits.h
configure:3558: result: yes
configure:3558: checking netdb.h usability
configure:3558: gcc -c -g -O2  conftest.c >&5
configure:3558: $? = 0
configure:3558: result: yes
configure:3558: checking netdb.h presence
configure:3558: gcc -E  conftest.c
configure:3558: $? = 0
configure:3558: result: yes
configure:3558: checking for netdb.h
configure:3558: result: yes
configure:3558: checking netinet/in.h usability
configure:3558: gcc -c -g -O2  conftest.c >&5
configure:3558: $? = 0
configure:3558: result: yes
configure:3558: checking netinet/in.h presence
configure:3558: gcc -E  conftest.c
configure:3558: $? = 0
configure:3558: result: yes
configure:3558: checking for netinet/in.h
configure:3558: result: yes
configure:3558: checking for stdint.h
configure:3558: result: yes
configure:3558: checking for stdlib.h
configure:3558: result: yes
configure:3558: checking for string.h
configure:3558: result: yes
configure:3558: checking sys/ioctl.h usability
configure:3558: gcc -c -g -O2  conftest.c >&5
configure:3558: $? = 0
configure:3558: result: yes
configure:3558: checking sys/ioctl.h presence
configure:3558: gcc -E  conftest.c
configure:3558: $? = 0
configure:3558: result: yes
configure:3558: checking for sys/ioctl.h
configure:3558: result: yes
configure:3558: checking sys/socket.h usability
configure:3558: gcc -c -g -O2  conftest.c >&5
configure:3558: $? = 0
configure:3558: result: yes
configure:3558: checking sys/socket.h presence
configure:3558: gcc -E  conftest.c
configure:3558: $? = 0
configure:3558: result: yes
configure:3558: checking for sys/socket.h
configure:3558: result: yes
configure:3558: checking sys/time.h usability
configure:3558: gcc -c -g -O2  conftest.c >&5
configure:3558: $? = 0
configure:3558: result: yes
configure:3558: checking sys/time.h presence
configure:3558: gcc -E  conftest.c
configure:3558: $? = 0
configure:3558: result: yes
configure:3558: checking for sys/time.h
configure:3558: result: yes
configure:3558: checking for unistd.h
configure:3558: result: yes
configure:3578: checking for inline
configure:3594: gcc -c -g -O2  conftest.c >&5
configure:3594: $? = 0
configure:3602: result: inline
configure:3620: checking for int16_t
configure:3620: gcc -c -g -O2  conftest.c >&5
configure:3620: $? = 0
configure:3620: gcc -c -g -O2  conftest.c >&5
conftest.c: In function 'main':
conftest.c:71:12: error: size of array 'test_array' is negative
 static int test_array [1 - 2 * !((int16_t) (((((int16_t) 1 << N) << N) - 1) * 2 + 1)
            ^
configure:3620: $? = 1
configure: failed program was:
| /* confdefs.h */
| #define PACKAGE_NAME "mtcp"
| #define PACKAGE_TARNAME "mtcp"
| #define PACKAGE_VERSION "3"
| #define PACKAGE_STRING "mtcp 3"
| #define PACKAGE_BUGREPORT "mtcp-user@list.ndsl.kaist.edu"
| #define PACKAGE_URL ""
| #define STDC_HEADERS 1
| #define HAVE_SYS_TYPES_H 1
| #define HAVE_SYS_STAT_H 1
| #define HAVE_STDLIB_H 1
| #define HAVE_STRING_H 1
| #define HAVE_MEMORY_H 1
| #define HAVE_STRINGS_H 1
| #define HAVE_INTTYPES_H 1
| #define HAVE_STDINT_H 1
| #define HAVE_UNISTD_H 1
| #define HAVE_LINUX_SCHED_H 1
| #define HAVE_PTHREAD_H 1
| #define HAVE_NUMA_H 1
| #define HAVE_ARPA_INET_H 1
| #define HAVE_FCNTL_H 1
| #define HAVE_LIMITS_H 1
| #define HAVE_NETDB_H 1
| #define HAVE_NETINET_IN_H 1
| #define HAVE_STDINT_H 1
| #define HAVE_STDLIB_H 1
| #define HAVE_STRING_H 1
| #define HAVE_SYS_IOCTL_H 1
| #define HAVE_SYS_SOCKET_H 1
| #define HAVE_SYS_TIME_H 1
| #define HAVE_UNISTD_H 1
| /* end confdefs.h.  */
| #include <stdio.h>
| #ifdef HAVE_SYS_TYPES_H
| # include <sys/types.h>
| #endif
| #ifdef HAVE_SYS_STAT_H
| # include <sys/stat.h>
| #endif
| #ifdef STDC_HEADERS
| # include <stdlib.h>
| # include <stddef.h>
| #else
| # ifdef HAVE_STDLIB_H
| #  include <stdlib.h>
| # endif
| #endif
| #ifdef HAVE_STRING_H
| # if !defined STDC_HEADERS && defined HAVE_MEMORY_H
| #  include <memory.h>
| # endif
| # include <string.h>
| #endif
| #ifdef HAVE_STRINGS_H
| # include <strings.h>
| #endif
| #ifdef HAVE_INTTYPES_H
| # include <inttypes.h>
| #endif
| #ifdef HAVE_STDINT_H
| # include <stdint.h>
| #endif
| #ifdef HAVE_UNISTD_H
| # include <unistd.h>
| #endif
| 	        enum { N = 16 / 2 - 1 };
| int
| main ()
| {
| static int test_array [1 - 2 * !((int16_t) (((((int16_t) 1 << N) << N) - 1) * 2 + 1)
| 		 < (int16_t) (((((int16_t) 1 << N) << N) - 1) * 2 + 2))];
| test_array [0] = 0;
| return test_array [0];
| 
|   ;
|   return 0;
| }
configure:3620: result: yes
configure:3631: checking for int32_t
configure:3631: gcc -c -g -O2  conftest.c >&5
configure:3631: $? = 0
configure:3631: gcc -c -g -O2  conftest.c >&5
conftest.c: In function 'main':
conftest.c:72:53: warning: integer overflow in expression [-Woverflow]
    < (int32_t) (((((int32_t) 1 << N) << N) - 1) * 2 + 2))];
                                                     ^
conftest.c:71:12: error: storage size of 'test_array' isn't constant
 static int test_array [1 - 2 * !((int32_t) (((((int32_t) 1 << N) << N) - 1) * 2 + 1)
            ^
configure:3631: $? = 1
configure: failed program was:
| /* confdefs.h */
| #define PACKAGE_NAME "mtcp"
| #define PACKAGE_TARNAME "mtcp"
| #define PACKAGE_VERSION "3"
| #define PACKAGE_STRING "mtcp 3"
| #define PACKAGE_BUGREPORT "mtcp-user@list.ndsl.kaist.edu"
| #define PACKAGE_URL ""
| #define STDC_HEADERS 1
| #define HAVE_SYS_TYPES_H 1
| #define HAVE_SYS_STAT_H 1
| #define HAVE_STDLIB_H 1
| #define HAVE_STRING_H 1
| #define HAVE_MEMORY_H 1
| #define HAVE_STRINGS_H 1
| #define HAVE_INTTYPES_H 1
| #define HAVE_STDINT_H 1
| #define HAVE_UNISTD_H 1
| #define HAVE_LINUX_SCHED_H 1
| #define HAVE_PTHREAD_H 1
| #define HAVE_NUMA_H 1
| #define HAVE_ARPA_INET_H 1
| #define HAVE_FCNTL_H 1
| #define HAVE_LIMITS_H 1
| #define HAVE_NETDB_H 1
| #define HAVE_NETINET_IN_H 1
| #define HAVE_STDINT_H 1
| #define HAVE_STDLIB_H 1
| #define HAVE_STRING_H 1
| #define HAVE_SYS_IOCTL_H 1
| #define HAVE_SYS_SOCKET_H 1
| #define HAVE_SYS_TIME_H 1
| #define HAVE_UNISTD_H 1
| /* end confdefs.h.  */
| #include <stdio.h>
| #ifdef HAVE_SYS_TYPES_H
| # include <sys/types.h>
| #endif
| #ifdef HAVE_SYS_STAT_H
| # include <sys/stat.h>
| #endif
| #ifdef STDC_HEADERS
| # include <stdlib.h>
| # include <stddef.h>
| #else
| # ifdef HAVE_STDLIB_H
| #  include <stdlib.h>
| # endif
| #endif
| #ifdef HAVE_STRING_H
| # if !defined STDC_HEADERS && defined HAVE_MEMORY_H
| #  include <memory.h>
| # endif
| # include <string.h>
| #endif
| #ifdef HAVE_STRINGS_H
| # include <strings.h>
| #endif
| #ifdef HAVE_INTTYPES_H
| # include <inttypes.h>
| #endif
| #ifdef HAVE_STDINT_H
| # include <stdint.h>
| #endif
| #ifdef HAVE_UNISTD_H
| # include <unistd.h>
| #endif
| 	        enum { N = 32 / 2 - 1 };
| int
| main ()
| {
| static int test_array [1 - 2 * !((int32_t) (((((int32_t) 1 << N) << N) - 1) * 2 + 1)
| 		 < (int32_t) (((((int32_t) 1 << N) << N) - 1) * 2 + 2))];
| test_array [0] = 0;
| return test_array [0];
| 
|   ;
|   return 0;
| }
configure:3631: result: yes
configure:3642: checking for int64_t
configure:3642: gcc -c -g -O2  conftest.c >&5
configure:3642: $? = 0
configure:3642: gcc -c -g -O2  conftest.c >&5
conftest.c: In function 'main':
conftest.c:72:53: warning: integer overflow in expression [-Woverflow]
    < (int64_t) (((((int64_t) 1 << N) << N) - 1) * 2 + 2))];
                                                     ^
conftest.c:71:12: error: storage size of 'test_array' isn't constant
 static int test_array [1 - 2 * !((int64_t) (((((int64_t) 1 << N) << N) - 1) * 2 + 1)
            ^
configure:3642: $? = 1
configure: failed program was:
| /* confdefs.h */
| #define PACKAGE_NAME "mtcp"
| #define PACKAGE_TARNAME "mtcp"
| #define PACKAGE_VERSION "3"
| #define PACKAGE_STRING "mtcp 3"
| #define PACKAGE_BUGREPORT "mtcp-user@list.ndsl.kaist.edu"
| #define PACKAGE_URL ""
| #define STDC_HEADERS 1
| #define HAVE_SYS_TYPES_H 1
| #define HAVE_SYS_STAT_H 1
| #define HAVE_STDLIB_H 1
| #define HAVE_STRING_H 1
| #define HAVE_MEMORY_H 1
| #define HAVE_STRINGS_H 1
| #define HAVE_INTTYPES_H 1
| #define HAVE_STDINT_H 1
| #define HAVE_UNISTD_H 1
| #define HAVE_LINUX_SCHED_H 1
| #define HAVE_PTHREAD_H 1
| #define HAVE_NUMA_H 1
| #define HAVE_ARPA_INET_H 1
| #define HAVE_FCNTL_H 1
| #define HAVE_LIMITS_H 1
| #define HAVE_NETDB_H 1
| #define HAVE_NETINET_IN_H 1
| #define HAVE_STDINT_H 1
| #define HAVE_STDLIB_H 1
| #define HAVE_STRING_H 1
| #define HAVE_SYS_IOCTL_H 1
| #define HAVE_SYS_SOCKET_H 1
| #define HAVE_SYS_TIME_H 1
| #define HAVE_UNISTD_H 1
| /* end confdefs.h.  */
| #include <stdio.h>
| #ifdef HAVE_SYS_TYPES_H
| # include <sys/types.h>
| #endif
| #ifdef HAVE_SYS_STAT_H
| # include <sys/stat.h>
| #endif
| #ifdef STDC_HEADERS
| # include <stdlib.h>
| # include <stddef.h>
| #else
| # ifdef HAVE_STDLIB_H
| #  include <stdlib.h>
| # endif
| #endif
| #ifdef HAVE_STRING_H
| # if !defined STDC_HEADERS && defined HAVE_MEMORY_H
| #  include <memory.h>
| # endif
| # include <string.h>
| #endif
| #ifdef HAVE_STRINGS_H
| # include <strings.h>
| #endif
| #ifdef HAVE_INTTYPES_H
| # include <inttypes.h>
| #endif
| #ifdef HAVE_STDINT_H
| # include <stdint.h>
| #endif
| #ifdef HAVE_UNISTD_H
| # include <unistd.h>
| #endif
| 	        enum { N = 64 / 2 - 1 };
| int
| main ()
| {
| static int test_array [1 - 2 * !((int64_t) (((((int64_t) 1 << N) << N) - 1) * 2 + 1)
| 		 < (int64_t) (((((int64_t) 1 << N) << N) - 1) * 2 + 2))];
| test_array [0] = 0;
| return test_array [0];
| 
|   ;
|   return 0;
| }
configure:3642: result: yes
configure:3653: checking for int8_t
configure:3653: gcc -c -g -O2  conftest.c >&5
configure:3653: $? = 0
configure:3653: gcc -c -g -O2  conftest.c >&5
conftest.c: In function 'main':
conftest.c:71:12: error: size of array 'test_array' is negative
 static int test_array [1 - 2 * !((int8_t) (((((int8_t) 1 << N) << N) - 1) * 2 + 1)
            ^
configure:3653: $? = 1
configure: failed program was:
| /* confdefs.h */
| #define PACKAGE_NAME "mtcp"
| #define PACKAGE_TARNAME "mtcp"
| #define PACKAGE_VERSION "3"
| #define PACKAGE_STRING "mtcp 3"
| #define PACKAGE_BUGREPORT "mtcp-user@list.ndsl.kaist.edu"
| #define PACKAGE_URL ""
| #define STDC_HEADERS 1
| #define HAVE_SYS_TYPES_H 1
| #define HAVE_SYS_STAT_H 1
| #define HAVE_STDLIB_H 1
| #define HAVE_STRING_H 1
| #define HAVE_MEMORY_H 1
| #define HAVE_STRINGS_H 1
| #define HAVE_INTTYPES_H 1
| #define HAVE_STDINT_H 1
| #define HAVE_UNISTD_H 1
| #define HAVE_LINUX_SCHED_H 1
| #define HAVE_PTHREAD_H 1
| #define HAVE_NUMA_H 1
| #define HAVE_ARPA_INET_H 1
| #define HAVE_FCNTL_H 1
| #define HAVE_LIMITS_H 1
| #define HAVE_NETDB_H 1
| #define HAVE_NETINET_IN_H 1
| #define HAVE_STDINT_H 1
| #define HAVE_STDLIB_H 1
| #define HAVE_STRING_H 1
| #define HAVE_SYS_IOCTL_H 1
| #define HAVE_SYS_SOCKET_H 1
| #define HAVE_SYS_TIME_H 1
| #define HAVE_UNISTD_H 1
| /* end confdefs.h.  */
| #include <stdio.h>
| #ifdef HAVE_SYS_TYPES_H
| # include <sys/types.h>
| #endif
| #ifdef HAVE_SYS_STAT_H
| # include <sys/stat.h>
| #endif
| #ifdef STDC_HEADERS
| # include <stdlib.h>
| # include <stddef.h>
| #else
| # ifdef HAVE_STDLIB_H
| #  include <stdlib.h>
| # endif
| #endif
| #ifdef HAVE_STRING_H
| # if !defined STDC_HEADERS && defined HAVE_MEMORY_H
| #  include <memory.h>
| # endif
| # include <string.h>
| #endif
| #ifdef HAVE_STRINGS_H
| # include <strings.h>
| #endif
| #ifdef HAVE_INTTYPES_H
| # include <inttypes.h>
| #endif
| #ifdef HAVE_STDINT_H
| # include <stdint.h>
| #endif
| #ifdef HAVE_UNISTD_H
| # include <unistd.h>
| #endif
| 	        enum { N = 8 / 2 - 1 };
| int
| main ()
| {
| static int test_array [1 - 2 * !((int8_t) (((((int8_t) 1 << N) << N) - 1) * 2 + 1)
| 		 < (int8_t) (((((int8_t) 1 << N) << N) - 1) * 2 + 2))];
| test_array [0] = 0;
| return test_array [0];
| 
|   ;
|   return 0;
| }
configure:3653: result: yes
configure:3664: checking for pid_t
configure:3664: gcc -c -g -O2  conftest.c >&5
configure:3664: $? = 0
configure:3664: gcc -c -g -O2  conftest.c >&5
conftest.c: In function 'main':
conftest.c:70:20: error: expected expression before ')' token
 if (sizeof ((pid_t)))
                    ^
configure:3664: $? = 1
configure: failed program was:
| /* confdefs.h */
| #define PACKAGE_NAME "mtcp"
| #define PACKAGE_TARNAME "mtcp"
| #define PACKAGE_VERSION "3"
| #define PACKAGE_STRING "mtcp 3"
| #define PACKAGE_BUGREPORT "mtcp-user@list.ndsl.kaist.edu"
| #define PACKAGE_URL ""
| #define STDC_HEADERS 1
| #define HAVE_SYS_TYPES_H 1
| #define HAVE_SYS_STAT_H 1
| #define HAVE_STDLIB_H 1
| #define HAVE_STRING_H 1
| #define HAVE_MEMORY_H 1
| #define HAVE_STRINGS_H 1
| #define HAVE_INTTYPES_H 1
| #define HAVE_STDINT_H 1
| #define HAVE_UNISTD_H 1
| #define HAVE_LINUX_SCHED_H 1
| #define HAVE_PTHREAD_H 1
| #define HAVE_NUMA_H 1
| #define HAVE_ARPA_INET_H 1
| #define HAVE_FCNTL_H 1
| #define HAVE_LIMITS_H 1
| #define HAVE_NETDB_H 1
| #define HAVE_NETINET_IN_H 1
| #define HAVE_STDINT_H 1
| #define HAVE_STDLIB_H 1
| #define HAVE_STRING_H 1
| #define HAVE_SYS_IOCTL_H 1
| #define HAVE_SYS_SOCKET_H 1
| #define HAVE_SYS_TIME_H 1
| #define HAVE_UNISTD_H 1
| /* end confdefs.h.  */
| #include <stdio.h>
| #ifdef HAVE_SYS_TYPES_H
| # include <sys/types.h>
| #endif
| #ifdef HAVE_SYS_STAT_H
| # include <sys/stat.h>
| #endif
| #ifdef STDC_HEADERS
| # include <stdlib.h>
| # include <stddef.h>
| #else
| # ifdef HAVE_STDLIB_H
| #  include <stdlib.h>
| # endif
| #endif
| #ifdef HAVE_STRING_H
| # if !defined STDC_HEADERS && defined HAVE_MEMORY_H
| #  include <memory.h>
| # endif
| # include <string.h>
| #endif
| #ifdef HAVE_STRINGS_H
| # include <strings.h>
| #endif
| #ifdef HAVE_INTTYPES_H
| # include <inttypes.h>
| #endif
| #ifdef HAVE_STDINT_H
| # include <stdint.h>
| #endif
| #ifdef HAVE_UNISTD_H
| # include <unistd.h>
| #endif
| int
| main ()
| {
| if (sizeof ((pid_t)))
| 	    return 0;
|   ;
|   return 0;
| }
configure:3664: result: yes
configure:3675: checking for size_t
configure:3675: gcc -c -g -O2  conftest.c >&5
configure:3675: $? = 0
configure:3675: gcc -c -g -O2  conftest.c >&5
conftest.c: In function 'main':
conftest.c:70:21: error: expected expression before ')' token
 if (sizeof ((size_t)))
                     ^
configure:3675: $? = 1
configure: failed program was:
| /* confdefs.h */
| #define PACKAGE_NAME "mtcp"
| #define PACKAGE_TARNAME "mtcp"
| #define PACKAGE_VERSION "3"
| #define PACKAGE_STRING "mtcp 3"
| #define PACKAGE_BUGREPORT "mtcp-user@list.ndsl.kaist.edu"
| #define PACKAGE_URL ""
| #define STDC_HEADERS 1
| #define HAVE_SYS_TYPES_H 1
| #define HAVE_SYS_STAT_H 1
| #define HAVE_STDLIB_H 1
| #define HAVE_STRING_H 1
| #define HAVE_MEMORY_H 1
| #define HAVE_STRINGS_H 1
| #define HAVE_INTTYPES_H 1
| #define HAVE_STDINT_H 1
| #define HAVE_UNISTD_H 1
| #define HAVE_LINUX_SCHED_H 1
| #define HAVE_PTHREAD_H 1
| #define HAVE_NUMA_H 1
| #define HAVE_ARPA_INET_H 1
| #define HAVE_FCNTL_H 1
| #define HAVE_LIMITS_H 1
| #define HAVE_NETDB_H 1
| #define HAVE_NETINET_IN_H 1
| #define HAVE_STDINT_H 1
| #define HAVE_STDLIB_H 1
| #define HAVE_STRING_H 1
| #define HAVE_SYS_IOCTL_H 1
| #define HAVE_SYS_SOCKET_H 1
| #define HAVE_SYS_TIME_H 1
| #define HAVE_UNISTD_H 1
| /* end confdefs.h.  */
| #include <stdio.h>
| #ifdef HAVE_SYS_TYPES_H
| # include <sys/types.h>
| #endif
| #ifdef HAVE_SYS_STAT_H
| # include <sys/stat.h>
| #endif
| #ifdef STDC_HEADERS
| # include <stdlib.h>
| # include <stddef.h>
| #else
| # ifdef HAVE_STDLIB_H
| #  include <stdlib.h>
| # endif
| #endif
| #ifdef HAVE_STRING_H
| # if !defined STDC_HEADERS && defined HAVE_MEMORY_H
| #  include <memory.h>
| # endif
| # include <string.h>
| #endif
| #ifdef HAVE_STRINGS_H
| # include <strings.h>
| #endif
| #ifdef HAVE_INTTYPES_H
| # include <inttypes.h>
| #endif
| #ifdef HAVE_STDINT_H
| # include <stdint.h>
| #endif
| #ifdef HAVE_UNISTD_H
| # include <unistd.h>
| #endif
| int
| main ()
| {
| if (sizeof ((size_t)))
| 	    return 0;
|   ;
|   return 0;
| }
configure:3675: result: yes
configure:3686: checking for ssize_t
configure:3686: gcc -c -g -O2  conftest.c >&5
configure:3686: $? = 0
configure:3686: gcc -c -g -O2  conftest.c >&5
conftest.c: In function 'main':
conftest.c:70:22: error: expected expression before ')' token
 if (sizeof ((ssize_t)))
                      ^
configure:3686: $? = 1
configure: failed program was:
| /* confdefs.h */
| #define PACKAGE_NAME "mtcp"
| #define PACKAGE_TARNAME "mtcp"
| #define PACKAGE_VERSION "3"
| #define PACKAGE_STRING "mtcp 3"
| #define PACKAGE_BUGREPORT "mtcp-user@list.ndsl.kaist.edu"
| #define PACKAGE_URL ""
| #define STDC_HEADERS 1
| #define HAVE_SYS_TYPES_H 1
| #define HAVE_SYS_STAT_H 1
| #define HAVE_STDLIB_H 1
| #define HAVE_STRING_H 1
| #define HAVE_MEMORY_H 1
| #define HAVE_STRINGS_H 1
| #define HAVE_INTTYPES_H 1
| #define HAVE_STDINT_H 1
| #define HAVE_UNISTD_H 1
| #define HAVE_LINUX_SCHED_H 1
| #define HAVE_PTHREAD_H 1
| #define HAVE_NUMA_H 1
| #define HAVE_ARPA_INET_H 1
| #define HAVE_FCNTL_H 1
| #define HAVE_LIMITS_H 1
| #define HAVE_NETDB_H 1
| #define HAVE_NETINET_IN_H 1
| #define HAVE_STDINT_H 1
| #define HAVE_STDLIB_H 1
| #define HAVE_STRING_H 1
| #define HAVE_SYS_IOCTL_H 1
| #define HAVE_SYS_SOCKET_H 1
| #define HAVE_SYS_TIME_H 1
| #define HAVE_UNISTD_H 1
| /* end confdefs.h.  */
| #include <stdio.h>
| #ifdef HAVE_SYS_TYPES_H
| # include <sys/types.h>
| #endif
| #ifdef HAVE_SYS_STAT_H
| # include <sys/stat.h>
| #endif
| #ifdef STDC_HEADERS
| # include <stdlib.h>
| # include <stddef.h>
| #else
| # ifdef HAVE_STDLIB_H
| #  include <stdlib.h>
| # endif
| #endif
| #ifdef HAVE_STRING_H
| # if !defined STDC_HEADERS && defined HAVE_MEMORY_H
| #  include <memory.h>
| # endif
| # include <string.h>
| #endif
| #ifdef HAVE_STRINGS_H
| # include <strings.h>
| #endif
| #ifdef HAVE_INTTYPES_H
| # include <inttypes.h>
| #endif
| #ifdef HAVE_STDINT_H
| # include <stdint.h>
| #endif
| #ifdef HAVE_UNISTD_H
| # include <unistd.h>
| #endif
| int
| main ()
| {
| if (sizeof ((ssize_t)))
| 	    return 0;
|   ;
|   return 0;
| }
configure:3686: result: yes
configure:3697: checking for uint16_t
configure:3697: gcc -c -g -O2  conftest.c >&5
configure:3697: $? = 0
configure:3697: result: yes
configure:3709: checking for uint32_t
configure:3709: gcc -c -g -O2  conftest.c >&5
configure:3709: $? = 0
configure:3709: result: yes
configure:3723: checking for uint64_t
configure:3723: gcc -c -g -O2  conftest.c >&5
configure:3723: $? = 0
configure:3723: result: yes
configure:3737: checking for uint8_t
configure:3737: gcc -c -g -O2  conftest.c >&5
configure:3737: $? = 0
configure:3737: result: yes
configure:3755: checking for stdlib.h
configure:3755: result: yes
configure:3765: checking for GNU libc compatible malloc
configure:3789: gcc -o conftest -g -O2   conftest.c  >&5
configure:3789: $? = 0
configure:3789: ./conftest
configure:3789: $? = 0
configure:3799: result: yes
configure:3826: checking for stdlib.h
configure:3826: result: yes
configure:3826: checking for unistd.h
configure:3826: result: yes
configure:3826: checking for sys/param.h
configure:3826: gcc -c -g -O2  conftest.c >&5
configure:3826: $? = 0
configure:3826: result: yes
configure:3846: checking for getpagesize
configure:3846: gcc -o conftest -g -O2   conftest.c  >&5
configure:3846: $? = 0
configure:3846: result: yes
configure:3855: checking for working mmap
configure:4002: gcc -o conftest -g -O2   conftest.c  >&5
configure:4002: $? = 0
configure:4002: ./conftest
configure:4002: $? = 0
configure:4012: result: yes
configure:4024: checking for bzero
configure:4024: gcc -o conftest -g -O2   conftest.c  >&5
conftest.c:64:6: warning: conflicting types for built-in function 'bzero' [enabled by default]
 char bzero ();
      ^
configure:4024: $? = 0
configure:4024: result: yes
configure:4024: checking for clock_gettime
configure:4024: gcc -o conftest -g -O2   conftest.c  >&5
configure:4024: $? = 0
configure:4024: result: yes
configure:4024: checking for getpagesize
configure:4024: result: yes
configure:4024: checking for gettimeofday
configure:4024: gcc -o conftest -g -O2   conftest.c  >&5
configure:4024: $? = 0
configure:4024: result: yes
configure:4024: checking for memmove
configure:4024: gcc -o conftest -g -O2   conftest.c  >&5
conftest.c:68:6: warning: conflicting types for built-in function 'memmove' [enabled by default]
 char memmove ();
      ^
configure:4024: $? = 0
configure:4024: result: yes
configure:4024: checking for memset
configure:4024: gcc -o conftest -g -O2   conftest.c  >&5
conftest.c:69:6: warning: conflicting types for built-in function 'memset' [enabled by default]
 char memset ();
      ^
configure:4024: $? = 0
configure:4024: result: yes
configure:4024: checking for munmap
configure:4024: gcc -o conftest -g -O2   conftest.c  >&5
configure:4024: $? = 0
configure:4024: result: yes
configure:4024: checking for select
configure:4024: gcc -o conftest -g -O2   conftest.c  >&5
configure:4024: $? = 0
configure:4024: result: yes
configure:4024: checking for socket
configure:4024: gcc -o conftest -g -O2   conftest.c  >&5
configure:4024: $? = 0
configure:4024: result: yes
configure:4024: checking for strchr
configure:4024: gcc -o conftest -g -O2   conftest.c  >&5
conftest.c:73:6: warning: conflicting types for built-in function 'strchr' [enabled by default]
 char strchr ();
      ^
configure:4024: $? = 0
configure:4024: result: yes
configure:4024: checking for strerror
configure:4024: gcc -o conftest -g -O2   conftest.c  >&5
configure:4024: $? = 0
configure:4024: result: yes
configure:4024: checking for strstr
configure:4024: gcc -o conftest -g -O2   conftest.c  >&5
conftest.c:75:6: warning: conflicting types for built-in function 'strstr' [enabled by default]
 char strstr ();
      ^
configure:4024: $? = 0
configure:4024: result: yes
configure:4024: checking for strtol
configure:4024: gcc -o conftest -g -O2   conftest.c  >&5
configure:4024: $? = 0
configure:4024: result: yes
configure:4169: checking for a BSD-compatible install
configure:4237: result: /usr/bin/install -c
configure:4248: checking whether build environment is sane
configure:4303: result: yes
configure:4454: checking for a thread-safe mkdir -p
configure:4493: result: /usr/bin/mkdir -p
configure:4500: checking for gawk
configure:4516: found /usr/bin/gawk
configure:4527: result: gawk
configure:4538: checking whether make sets $(MAKE)
configure:4560: result: yes
configure:4590: checking for style of include used by make
configure:4618: result: GNU
configure:4652: checking whether make supports nested variables
configure:4669: result: yes
configure:4755: checking dependency style of gcc
configure:4866: result: none
configure:4995: checking that generated files are newer than configure
configure:5001: result: done
configure:5024: creating ./config.status
configure:6452: checking that generated files are newer than configure
configure:6458: result: done
configure:6485: creating ./config.status
configure:7914: checking that generated files are newer than configure
configure:7920: result: done
configure:7951: creating ./config.status
configure:9381: checking that generated files are newer than configure
configure:9387: result: done
configure:9422: creating ./config.status

## ---------------- ##
## Cache variables. ##
## ---------------- ##

ac_cv_c_compiler_gnu=yes
ac_cv_c_inline=inline
ac_cv_c_int16_t=yes
ac_cv_c_int32_t=yes
ac_cv_c_int64_t=yes
ac_cv_c_int8_t=yes
ac_cv_c_uint16_t=yes
ac_cv_c_uint32_t=yes
ac_cv_c_uint64_t=yes
ac_cv_c_uint8_t=yes
ac_cv_env_CC_set=
ac_cv_env_CC_value=
ac_cv_env_CFLAGS_set=
ac_cv_env_CFLAGS_value=
ac_cv_env_CPPFLAGS_set=
ac_cv_env_CPPFLAGS_value=
ac_cv_env_CPP_set=
ac_cv_env_CPP_value=
ac_cv_env_LDFLAGS_set=
ac_cv_env_LDFLAGS_value=
ac_cv_env_LIBS_set=
ac_cv_env_LIBS_value=
ac_cv_env_build_alias_set=
ac_cv_env_build_alias_value=
ac_cv_env_host_alias_set=
ac_cv_env_host_alias_value=
ac_cv_env_target_alias_set=
ac_cv_env_target_alias_value=
ac_cv_func_bzero=yes
ac_cv_func_clock_gettime=yes
ac_cv_func_getpagesize=yes
ac_cv_func_gettimeofday=yes
ac_cv_func_malloc_0_nonnull=yes
ac_cv_func_memmove=yes
ac_cv_func_memset=yes
ac_cv_func_mmap_fixed_mapped=yes
ac_cv_func_munmap=yes
ac_cv_func_select=yes
ac_cv_func_socket=yes
ac_cv_func_strchr=yes
ac_cv_func_strerror=yes
ac_cv_func_strstr=yes
ac_cv_func_strtol=yes
ac_cv_header_arpa_inet_h=yes
ac_cv_header_fcntl_h=yes
ac_cv_header_inttypes_h=yes
ac_cv_header_limits_h=yes
ac_cv_header_linux_sched_h=yes
ac_cv_header_memory_h=yes
ac_cv_header_netdb_h=yes
ac_cv_header_netinet_in_h=yes
ac_cv_header_numa_h=yes
ac_cv_header_pthread_h=yes
ac_cv_header_stdc=yes
ac_cv_header_stdint_h=yes
ac_cv_header_stdlib_h=yes
ac_cv_header_string_h=yes
ac_cv_header_strings_h=yes
ac_cv_header_sys_ioctl_h=yes
ac_cv_header_sys_param_h=yes
ac_cv_header_sys_socket_h=yes
ac_cv_header_sys_stat_h=yes
ac_cv_header_sys_time_h=yes
ac_cv_header_sys_types_h=yes
ac_cv_header_unistd_h=yes
ac_cv_objext=o
ac_cv_path_EGREP='/usr/bin/grep -E'
ac_cv_path_GREP=/usr/bin/grep
ac_cv_path_install='/usr/bin/install -c'
ac_cv_path_mkdir=/usr/bin/mkdir
ac_cv_prog_AWK=gawk
ac_cv_prog_CPP='gcc -E'
ac_cv_prog_ac_ct_CC=gcc
ac_cv_prog_cc_c89=
ac_cv_prog_cc_g=yes
ac_cv_prog_make_make_set=yes
ac_cv_type_pid_t=yes
ac_cv_type_size_t=yes
ac_cv_type_ssize_t=yes
am_cv_CC_dependencies_compiler_type=none
am_cv_make_support_nested_variables=yes

## ----------------- ##
## Output variables. ##
## ----------------- ##

ACLOCAL='${SHELL} /home/ld/mtcp_t/missing aclocal-1.13'
AMDEPBACKSLASH='\'
AMDEP_FALSE='#'
AMDEP_TRUE=''
AMTAR='$${TAR-tar}'
AM_BACKSLASH='\'
AM_DEFAULT_V='$(AM_DEFAULT_VERBOSITY)'
AM_DEFAULT_VERBOSITY='1'
AM_V='$(V)'
AUTOCONF='${SHELL} /home/ld/mtcp_t/missing autoconf'
AUTOHEADER='${SHELL} /home/ld/mtcp_t/missing autoheader'
AUTOMAKE='${SHELL} /home/ld/mtcp_t/missing automake-1.13'
AWK='gawk'
CC='gcc'
CCDEPMODE='depmode=none'
CFLAGS='-g -O2'
CPP='gcc -E'
CPPFLAGS=''
CYGPATH_W='echo'
DEFS='-DHAVE_CONFIG_H'
DEPDIR='.deps'
DPDK='1'
DPDKLIBPATH='/home/ld/mtcp/dpdk'
ECHO_C=''
ECHO_N='-n'
ECHO_T=''
EGREP='/usr/bin/grep -E'
EXEEXT=''
GREP='/usr/bin/grep'
HWCSUM='1'
INSTALL_DATA='${INSTALL} -m 644'
INSTALL_PROGRAM='${INSTALL}'
INSTALL_SCRIPT='${INSTALL}'
INSTALL_STRIP_PROGRAM='$(install_sh) -c -s'
LDFLAGS=''
LIBOBJS=''
LIBS=''
LRO='0'
LTLIBOBJS=''
MAKEINFO='${SHELL} /home/ld/mtcp_t/missing makeinfo'
MKDIR_P='/usr/bin/mkdir -p'
NETMAP='0'
OBJEXT='o'
PACKAGE='mtcp'
PACKAGE_BUGREPORT='mtcp-user@list.ndsl.kaist.edu'
PACKAGE_NAME='mtcp'
PACKAGE_STRING='mtcp 3'
PACKAGE_TARNAME='mtcp'
PACKAGE_URL=''
PACKAGE_VERSION='3'
PATH_SEPARATOR=':'
PSIO='0'
PSLIBPATH=''
SET_MAKE=''
SHELL='/bin/sh'
STRIP=''
VERSION='3'
ac_ct_CC='gcc'
am__EXEEXT_FALSE=''
am__EXEEXT_TRUE='#'
am__fastdepCC_FALSE=''
am__fastdepCC_TRUE='#'
am__include='include'
am__isrc=''
am__leading_dot='.'
am__nodep='_no'
am__quote=''
am__tar='$${TAR-tar} chof - "$$tardir"'
am__untar='$${TAR-tar} xf -'
bindir='${exec_prefix}/bin'
build_alias=''
datadir='${datarootdir}'
datarootdir='${prefix}/share'
docdir='${datarootdir}/doc/${PACKAGE_TARNAME}'
dvidir='${docdir}'
exec_prefix='${prefix}'
host_alias=''
htmldir='${docdir}'
includedir='${prefix}/include'
infodir='${datarootdir}/info'
install_sh='${SHELL} /home/ld/mtcp_t/install-sh'
libdir='${exec_prefix}/lib'
libexecdir='${exec_prefix}/libexec'
localedir='${datarootdir}/locale'
localstatedir='${prefix}/var'
mandir='${datarootdir}/man'
mkdir_p='$(MKDIR_P)'
oldincludedir='/usr/include'
pdfdir='${docdir}'
prefix='/usr/local'
program_transform_name='s,x,x,'
psdir='${docdir}'
sbindir='${exec_prefix}/sbin'
sharedstatedir='${prefix}/com'
sysconfdir='${prefix}/etc'
target_alias=''

## ----------- ##
## confdefs.h. ##
## ----------- ##

/* confdefs.h */
#define PACKAGE_NAME "mtcp"
#define PACKAGE_TARNAME "mtcp"
#define PACKAGE_VERSION "3"
#define PACKAGE_STRING "mtcp 3"
#define PACKAGE_BUGREPORT "mtcp-user@list.ndsl.kaist.edu"
#define PACKAGE_URL ""
#define STDC_HEADERS 1
#define HAVE_SYS_TYPES_H 1
#define HAVE_SYS_STAT_H 1
#define HAVE_STDLIB_H 1
#define HAVE_STRING_H 1
#define HAVE_MEMORY_H 1
#define HAVE_STRINGS_H 1
#define HAVE_INTTYPES_H 1
#define HAVE_STDINT_H 1
#define HAVE_UNISTD_H 1
#define HAVE_LINUX_SCHED_H 1
#define HAVE_PTHREAD_H 1
#define HAVE_NUMA_H 1
#define HAVE_ARPA_INET_H 1
#define HAVE_FCNTL_H 1
#define HAVE_LIMITS_H 1
#define HAVE_NETDB_H 1
#define HAVE_NETINET_IN_H 1
#define HAVE_STDINT_H 1
#define HAVE_STDLIB_H 1
#define HAVE_STRING_H 1
#define HAVE_SYS_IOCTL_H 1
#define HAVE_SYS_SOCKET_H 1
#define HAVE_SYS_TIME_H 1
#define HAVE_UNISTD_H 1
#define HAVE_STDLIB_H 1
#define HAVE_MALLOC 1
#define HAVE_STDLIB_H 1
#define HAVE_UNISTD_H 1
#define HAVE_SYS_PARAM_H 1
#define HAVE_GETPAGESIZE 1
#define HAVE_MMAP 1
#define HAVE_BZERO 1
#define HAVE_CLOCK_GETTIME 1
#define HAVE_GETPAGESIZE 1
#define HAVE_GETTIMEOFDAY 1
#define HAVE_MEMMOVE 1
#define HAVE_MEMSET 1
#define HAVE_MUNMAP 1
#define HAVE_SELECT 1
#define HAVE_SOCKET 1
#define HAVE_STRCHR 1
#define HAVE_STRERROR 1
#define HAVE_STRSTR 1
#define HAVE_STRTOL 1
#define PACKAGE "mtcp"
#define VERSION "3"

configure: exit 0

## ---------------------- ##
## Running config.status. ##
## ---------------------- ##

This file was extended by mtcp config.status 3, which was
generated by GNU Autoconf 2.69.  Invocation command line was

  CONFIG_FILES    = 
  CONFIG_HEADERS  = 
  CONFIG_LINKS    = 
  CONFIG_COMMANDS = 
  $ ./config.status 

on 192-168-1-233

config.status:898: creating Makefile
config.status:898: creating mtcp/src/Makefile
config.status:898: creating apps/example/Makefile
config.status:898: creating util/Makefile
config.status:898: creating io_engine/lib/Makefile
config.status:898: creating config.h
config.status:1079: config.h is unchanged
config.status:1127: executing depfiles commands
